<?xml version="1.0" encoding="UTF-8"?>
<!-- Generated by org.testng.reporters.JUnitXMLReporter -->
<testsuite hostname="RK" ignored="0" name="Test" tests="3" failures="0" timestamp="04 Feb 2018 21:44:26 GMT" time="33.02" errors="0">
  <testcase name="loginPageTitle" time="0.093" classname="com.crm.qa.testcases.LoginPageTest"/>
  <testcase name="crmLogoImageTest" time="0.138" classname="com.crm.qa.testcases.LoginPageTest"/>
  <testcase name="loginTest" time="6.905" classname="com.crm.qa.testcases.LoginPageTest"/>
</testsuite> <!-- Test -->
