<?xml version="1.0" encoding="UTF-8"?>
<!-- Generated by org.testng.reporters.JUnitXMLReporter -->
<testsuite hostname="RK" ignored="0" name="Test2" tests="7" failures="0" timestamp="02 Feb 2018 19:07:28 GMT" time="133.538" errors="0">
  <testcase name="verifyContactsLableTest" time="0.04" classname="com.crm.qa.testcases.ContactsPageTest"/>
  <testcase name="selectContactListNameTest" time="0.095" classname="com.crm.qa.testcases.ContactsPageTest"/>
  <testcase name="selectMultipleContactListNameTest" time="0.557" classname="com.crm.qa.testcases.ContactsPageTest"/>
  <testcase name="validateCreateContact" time="2.481" classname="com.crm.qa.testcases.ContactsPageTest"/>
  <testcase name="validateCreateContactExcel" time="2.492" classname="com.crm.qa.testcases.ContactsPageTest"/>
  <testcase name="validateCreateContactExcel" time="2.434" classname="com.crm.qa.testcases.ContactsPageTest"/>
  <testcase name="validateCreateContactExcel" time="2.933" classname="com.crm.qa.testcases.ContactsPageTest"/>
</testsuite> <!-- Test2 -->
