<?xml version="1.0" encoding="UTF-8"?>
<!-- Generated by org.testng.reporters.JUnitXMLReporter -->
<testsuite hostname="RK" ignored="0" name="Test" tests="4" failures="0" timestamp="03 Feb 2018 02:35:06 GMT" time="49.246" errors="0">
  <testcase name="loginPageTitle" time="0.04" classname="com.crm.qa.testcases.LoginPageTest"/>
  <testcase name="verifyHomePageTitleTest" time="0.008" classname="com.crm.qa.testcases.HomePageTest"/>
  <testcase name="verifyContactsLableTest" time="0.053" classname="com.crm.qa.testcases.ContactsPageTest"/>
  <testcase name="crmLogoImageTest" time="0.064" classname="com.crm.qa.testcases.LoginPageTest"/>
</testsuite> <!-- Test -->
