<?xml version="1.0" encoding="UTF-8"?>
<!-- Generated by org.testng.reporters.JUnitXMLReporter -->
<testsuite hostname="RK" ignored="0" name="Test1" tests="4" failures="0" timestamp="04 Feb 2018 21:49:24 GMT" time="70.028" errors="0">
  <testcase name="verifyHomePageTitleTest" time="0.031" classname="com.crm.qa.testcases.HomePageTest"/>
  <testcase name="verifyUserNameTest" time="0.318" classname="com.crm.qa.testcases.HomePageTest"/>
  <testcase name="verifyContactsLinkTest" time="2.042" classname="com.crm.qa.testcases.HomePageTest"/>
  <testcase name="verifyDealsLinkTest" time="2.762" classname="com.crm.qa.testcases.HomePageTest"/>
</testsuite> <!-- Test1 -->
