<?xml version="1.0" encoding="UTF-8"?>
<!-- Generated by org.testng.reporters.JUnitXMLReporter -->
<testsuite hostname="RK" ignored="0" name="Test2" tests="7" failures="0" timestamp="04 Feb 2018 21:52:02 GMT" time="158.421" errors="0">
  <testcase name="verifyContactsLableTest" time="0.229" classname="com.crm.qa.testcases.ContactsPageTest"/>
  <testcase name="selectContactListNameTest" time="1.156" classname="com.crm.qa.testcases.ContactsPageTest"/>
  <testcase name="selectMultipleContactListNameTest" time="1.449" classname="com.crm.qa.testcases.ContactsPageTest"/>
  <testcase name="validateCreateContact" time="5.774" classname="com.crm.qa.testcases.ContactsPageTest"/>
  <testcase name="validateCreateContactExcel" time="5.53" classname="com.crm.qa.testcases.ContactsPageTest"/>
  <testcase name="validateCreateContactExcel" time="5.186" classname="com.crm.qa.testcases.ContactsPageTest"/>
  <testcase name="validateCreateContactExcel" time="5.752" classname="com.crm.qa.testcases.ContactsPageTest"/>
</testsuite> <!-- Test2 -->
