<?xml version="1.0" encoding="UTF-8"?>
<!-- Generated by org.testng.reporters.JUnitXMLReporter -->
<testsuite hostname="RK" ignored="0" name="Test" tests="3" failures="0" timestamp="04 Feb 2018 21:48:14 GMT" time="33.429" errors="0">
  <testcase name="loginPageTitle" time="0.144" classname="com.crm.qa.testcases.LoginPageTest"/>
  <testcase name="crmLogoImageTest" time="0.161" classname="com.crm.qa.testcases.LoginPageTest"/>
  <testcase name="loginTest" time="7.487" classname="com.crm.qa.testcases.LoginPageTest"/>
</testsuite> <!-- Test -->
