<?xml version="1.0" encoding="UTF-8"?>
<testng-results skipped="0" failed="0" ignored="0" total="3" passed="3">
  <reporter-output>
  </reporter-output>
  <suite name="Command line suite" duration-ms="42331" started-at="2018-02-03T02:17:51Z" finished-at="2018-02-03T02:18:34Z">
    <groups>
    </groups>
    <test name="Command line test" duration-ms="42331" started-at="2018-02-03T02:17:51Z" finished-at="2018-02-03T02:18:34Z">
      <class name="com.crm.qa.testcases.HomePageTest">
        <test-method status="PASS" signature="setUp()[pri:0, instance:com.crm.qa.testcases.HomePageTest@68837a77]" name="setUp" is-config="true" duration-ms="13781" started-at="2018-02-02T21:18:11Z" finished-at="2018-02-02T21:18:25Z">
          <reporter-output>
          </reporter-output>
        </test-method> <!-- setUp -->
        <test-method status="PASS" signature="verifyHomePageTitleTest()[pri:1, instance:com.crm.qa.testcases.HomePageTest@68837a77]" name="verifyHomePageTitleTest" duration-ms="7" started-at="2018-02-02T21:18:25Z" finished-at="2018-02-02T21:18:25Z">
          <reporter-output>
          </reporter-output>
        </test-method> <!-- verifyHomePageTitleTest -->
        <test-method status="PASS" signature="teardown()[pri:0, instance:com.crm.qa.testcases.HomePageTest@68837a77]" name="teardown" is-config="true" duration-ms="314" started-at="2018-02-02T21:18:25Z" finished-at="2018-02-02T21:18:25Z">
          <reporter-output>
          </reporter-output>
        </test-method> <!-- teardown -->
      </class> <!-- com.crm.qa.testcases.HomePageTest -->
      <class name="com.crm.qa.testcases.ContactsPageTest">
        <test-method status="PASS" signature="setUp()[pri:0, instance:com.crm.qa.testcases.ContactsPageTest@2d554825]" name="setUp" is-config="true" duration-ms="17248" started-at="2018-02-02T21:17:51Z" finished-at="2018-02-02T21:18:08Z">
          <reporter-output>
          </reporter-output>
        </test-method> <!-- setUp -->
        <test-method status="PASS" signature="verifyContactsLableTest()[pri:1, instance:com.crm.qa.testcases.ContactsPageTest@2d554825]" name="verifyContactsLableTest" duration-ms="36" started-at="2018-02-02T21:18:08Z" finished-at="2018-02-02T21:18:09Z">
          <reporter-output>
          </reporter-output>
        </test-method> <!-- verifyContactsLableTest -->
        <test-method status="PASS" signature="teardown()[pri:0, instance:com.crm.qa.testcases.ContactsPageTest@2d554825]" name="teardown" is-config="true" duration-ms="2319" started-at="2018-02-02T21:18:09Z" finished-at="2018-02-02T21:18:11Z">
          <reporter-output>
          </reporter-output>
        </test-method> <!-- teardown -->
      </class> <!-- com.crm.qa.testcases.ContactsPageTest -->
      <class name="com.crm.qa.testcases.LoginPageTest">
        <test-method status="PASS" signature="setUp()[pri:0, instance:com.crm.qa.testcases.LoginPageTest@6be46e8f]" name="setUp" is-config="true" duration-ms="6562" started-at="2018-02-02T21:18:25Z" finished-at="2018-02-02T21:18:32Z">
          <reporter-output>
          </reporter-output>
        </test-method> <!-- setUp -->
        <test-method status="PASS" signature="loginPageTitle()[pri:1, instance:com.crm.qa.testcases.LoginPageTest@6be46e8f]" name="loginPageTitle" duration-ms="8" started-at="2018-02-02T21:18:32Z" finished-at="2018-02-02T21:18:32Z">
          <reporter-output>
          </reporter-output>
        </test-method> <!-- loginPageTitle -->
        <test-method status="PASS" signature="teardown()[pri:0, instance:com.crm.qa.testcases.LoginPageTest@6be46e8f]" name="teardown" is-config="true" duration-ms="2023" started-at="2018-02-02T21:18:32Z" finished-at="2018-02-02T21:18:34Z">
          <reporter-output>
          </reporter-output>
        </test-method> <!-- teardown -->
      </class> <!-- com.crm.qa.testcases.LoginPageTest -->
    </test> <!-- Command line test -->
  </suite> <!-- Command line suite -->
</testng-results>
