<?xml version="1.0" encoding="UTF-8"?>
<testng-results skipped="0" failed="0" ignored="0" total="3" passed="3">
  <reporter-output>
  </reporter-output>
  <suite name="Command line suite" duration-ms="109309" started-at="2018-02-04T23:46:53Z" finished-at="2018-02-04T23:48:42Z">
    <groups>
    </groups>
    <test name="Command line test" duration-ms="109309" started-at="2018-02-04T23:46:53Z" finished-at="2018-02-04T23:48:42Z">
      <class name="com.crm.qa.testcases.HomePageTest">
        <test-method status="PASS" signature="setUp()[pri:0, instance:com.crm.qa.testcases.HomePageTest@68837a77]" name="setUp" is-config="true" duration-ms="39150" started-at="2018-02-04T18:47:51Z" finished-at="2018-02-04T18:48:30Z">
          <reporter-output>
          </reporter-output>
        </test-method> <!-- setUp -->
        <test-method status="PASS" signature="verifyHomePageTitleTest()[pri:1, instance:com.crm.qa.testcases.HomePageTest@68837a77]" name="verifyHomePageTitleTest" duration-ms="18" started-at="2018-02-04T18:48:30Z" finished-at="2018-02-04T18:48:30Z">
          <reporter-output>
          </reporter-output>
        </test-method> <!-- verifyHomePageTitleTest -->
        <test-method status="PASS" signature="teardown()[pri:0, instance:com.crm.qa.testcases.HomePageTest@68837a77]" name="teardown" is-config="true" duration-ms="78" started-at="2018-02-04T18:48:30Z" finished-at="2018-02-04T18:48:30Z">
          <reporter-output>
          </reporter-output>
        </test-method> <!-- teardown -->
      </class> <!-- com.crm.qa.testcases.HomePageTest -->
      <class name="com.crm.qa.testcases.ContactsPageTest">
        <test-method status="PASS" signature="setUp()[pri:0, instance:com.crm.qa.testcases.ContactsPageTest@2d554825]" name="setUp" is-config="true" duration-ms="54243" started-at="2018-02-04T18:46:53Z" finished-at="2018-02-04T18:47:47Z">
          <reporter-output>
          </reporter-output>
        </test-method> <!-- setUp -->
        <test-method status="PASS" signature="verifyContactsLableTest()[pri:1, instance:com.crm.qa.testcases.ContactsPageTest@2d554825]" name="verifyContactsLableTest" duration-ms="234" started-at="2018-02-04T18:47:47Z" finished-at="2018-02-04T18:47:48Z">
          <reporter-output>
          </reporter-output>
        </test-method> <!-- verifyContactsLableTest -->
        <test-method status="PASS" signature="teardown()[pri:0, instance:com.crm.qa.testcases.ContactsPageTest@2d554825]" name="teardown" is-config="true" duration-ms="3247" started-at="2018-02-04T18:47:48Z" finished-at="2018-02-04T18:47:51Z">
          <reporter-output>
          </reporter-output>
        </test-method> <!-- teardown -->
      </class> <!-- com.crm.qa.testcases.ContactsPageTest -->
      <class name="com.crm.qa.testcases.LoginPageTest">
        <test-method status="PASS" signature="setUp()[pri:0, instance:com.crm.qa.testcases.LoginPageTest@6be46e8f]" name="setUp" is-config="true" duration-ms="12203" started-at="2018-02-04T18:48:30Z" finished-at="2018-02-04T18:48:42Z">
          <reporter-output>
          </reporter-output>
        </test-method> <!-- setUp -->
        <test-method status="PASS" signature="loginPageTitle()[pri:1, instance:com.crm.qa.testcases.LoginPageTest@6be46e8f]" name="loginPageTitle" duration-ms="16" started-at="2018-02-04T18:48:42Z" finished-at="2018-02-04T18:48:42Z">
          <reporter-output>
          </reporter-output>
        </test-method> <!-- loginPageTitle -->
        <test-method status="PASS" signature="teardown()[pri:0, instance:com.crm.qa.testcases.LoginPageTest@6be46e8f]" name="teardown" is-config="true" duration-ms="69" started-at="2018-02-04T18:48:42Z" finished-at="2018-02-04T18:48:42Z">
          <reporter-output>
          </reporter-output>
        </test-method> <!-- teardown -->
      </class> <!-- com.crm.qa.testcases.LoginPageTest -->
    </test> <!-- Command line test -->
  </suite> <!-- Command line suite -->
</testng-results>
