<?xml version="1.0" encoding="UTF-8" ?>
<testsuite tests="3" failures="1" name="TestSuite" time="34.045" errors="0" skipped="2">
  <properties>
[...]
</properties>
  <testcase classname="com.crm.qa.testcases.DealsPageTest" name="setup" time="11.345">
    <failure message="disconnected: unable to connect to renderer
  (Session info: chrome=69.0.3497.100)
  (Driver info: chromedriver=2.32.498550 (9dec58e66c31bcc53a9ce3c7226f0c1c5810906a),platform=Windows NT 6.1.7601 SP1 x86_64) (WARNING: The server did not provide any stacktrace information)
Command duration or timeout: 0 milliseconds
Build info: version: &apos;3.8.1&apos;, revision: &apos;6e95a6684b&apos;, time: &apos;2017-12-01T18:33:54.468Z&apos;
System info: host: &apos;RK&apos;, ip: &apos;192.168.0.17&apos;, os.name: &apos;Windows 7&apos;, os.arch: &apos;amd64&apos;, os.version: &apos;6.1&apos;, java.version: &apos;1.8.0_77&apos;
Driver info: org.openqa.selenium.chrome.ChromeDriver
Capabilities {acceptSslCerts: true, applicationCacheEnabled: false, browserConnectionEnabled: false, browserName: chrome, chrome: {chromedriverVersion: 2.32.498550 (9dec58e66c31bc..., userDataDir: C:\Windows\TEMP\scoped_dir3...}, cssSelectorsEnabled: true, databaseEnabled: false, handlesAlerts: true, hasTouchScreen: false, javascriptEnabled: true, locationContextEnabled: true, mobileEmulationEnabled: false, nativeEvents: true, networkConnectionEnabled: false, pageLoadStrategy: normal, platform: XP, platformName: XP, rotatable: false, setWindowRect: true, takesHeapSnapshot: true, takesScreenshot: true, unexpectedAlertBehaviour: , unhandledPromptBehavior: , version: 69.0.3497.100, webStorageEnabled: true}
Session ID: 7638d2069b0849b1d65910b2a94525ec" type="org.openqa.selenium.WebDriverException">org.openqa.selenium.WebDriverException: disconnected: unable to connect to renderer
  (Session info: chrome=69.0.3497.100)
  (Driver info: chromedriver=2.32.498550 (9dec58e66c31bcc53a9ce3c7226f0c1c5810906a),platform=Windows NT 6.1.7601 SP1 x86_64) (WARNING: The server did not provide any stacktrace information)
Command duration or timeout: 0 milliseconds
Build info: version: &apos;3.8.1&apos;, revision: &apos;6e95a6684b&apos;, time: &apos;2017-12-01T18:33:54.468Z&apos;
System info: host: &apos;RK&apos;, ip: &apos;192.168.0.17&apos;, os.name: &apos;Windows 7&apos;, os.arch: &apos;amd64&apos;, os.version: &apos;6.1&apos;, java.version: &apos;1.8.0_77&apos;
Driver info: org.openqa.selenium.chrome.ChromeDriver
Capabilities {acceptSslCerts: true, applicationCacheEnabled: false, browserConnectionEnabled: false, browserName: chrome, chrome: {chromedriverVersion: 2.32.498550 (9dec58e66c31bc..., userDataDir: C:\Windows\TEMP\scoped_dir3...}, cssSelectorsEnabled: true, databaseEnabled: false, handlesAlerts: true, hasTouchScreen: false, javascriptEnabled: true, locationContextEnabled: true, mobileEmulationEnabled: false, nativeEvents: true, networkConnectionEnabled: false, pageLoadStrategy: normal, platform: XP, platformName: XP, rotatable: false, setWindowRect: true, takesHeapSnapshot: true, takesScreenshot: true, unexpectedAlertBehaviour: , unhandledPromptBehavior: , version: 69.0.3497.100, webStorageEnabled: true}
Session ID: 7638d2069b0849b1d65910b2a94525ec
	at sun.reflect.NativeConstructorAccessorImpl.newInstance0(Native Method)
	at sun.reflect.NativeConstructorAccessorImpl.newInstance(NativeConstructorAccessorImpl.java:62)
	at sun.reflect.DelegatingConstructorAccessorImpl.newInstance(DelegatingConstructorAccessorImpl.java:45)
	at java.lang.reflect.Constructor.newInstance(Constructor.java:423)
	at org.openqa.selenium.remote.ErrorHandler.createThrowable(ErrorHandler.java:214)
	at org.openqa.selenium.remote.ErrorHandler.throwIfResponseFailed(ErrorHandler.java:166)
	at org.openqa.selenium.remote.http.JsonHttpResponseCodec.reconstructValue(JsonHttpResponseCodec.java:40)
	at org.openqa.selenium.remote.http.AbstractHttpResponseCodec.decode(AbstractHttpResponseCodec.java:80)
	at org.openqa.selenium.remote.http.AbstractHttpResponseCodec.decode(AbstractHttpResponseCodec.java:44)
	at org.openqa.selenium.remote.HttpCommandExecutor.execute(HttpCommandExecutor.java:164)
	at org.openqa.selenium.remote.service.DriverCommandExecutor.execute(DriverCommandExecutor.java:83)
	at org.openqa.selenium.remote.RemoteWebDriver.execute(RemoteWebDriver.java:601)
	at org.openqa.selenium.remote.RemoteWebDriver.execute(RemoteWebDriver.java:658)
	at org.openqa.selenium.remote.RemoteWebDriver$RemoteWebDriverOptions$RemoteWindow.maximize(RemoteWebDriver.java:892)
	at com.crm.qa.base.TestBase.initialization(TestBase.java:64)
	at com.crm.qa.testcases.DealsPageTest.setup(DealsPageTest.java:24)
</failure>
    <system-out>Configuring TestNG with: org.apache.maven.surefire.testng.conf.TestNG652Configurator@1f89ab83
10-23-2018 20:33:35 RequestAddCookies.java DEBUG [Forwarding newSession on session null to remote] protocol.RequestAddCookies 123 - CookieSpec selected: default
10-23-2018 20:33:35 RequestAuthCache.java DEBUG [Forwarding newSession on session null to remote] protocol.RequestAuthCache 77 - Auth cache not set in the context
10-23-2018 20:33:35 PoolingHttpClientConnectionManager.java DEBUG [Forwarding newSession on session null to remote] conn.PoolingHttpClientConnectionManager 255 - Connection request: [route: {}-&gt;http://localhost:39311][total kept alive: 0; route allocated: 0 of 2000; total allocated: 0 of 2000]
10-23-2018 20:33:35 PoolingHttpClientConnectionManager.java DEBUG [Forwarding newSession on session null to remote] conn.PoolingHttpClientConnectionManager 288 - Connection leased: [id: 0][route: {}-&gt;http://localhost:39311][total kept alive: 0; route allocated: 1 of 2000; total allocated: 1 of 2000]
10-23-2018 20:33:35 MainClientExec.java DEBUG [Forwarding newSession on session null to remote] execchain.MainClientExec 235 - Opening connection {}-&gt;http://localhost:39311
10-23-2018 20:33:35 DefaultHttpClientConnectionOperator.java DEBUG [Forwarding newSession on session null to remote] conn.DefaultHttpClientConnectionOperator 139 - Connecting to localhost/127.0.0.1:39311
10-23-2018 20:33:35 DefaultHttpClientConnectionOperator.java DEBUG [Forwarding newSession on session null to remote] conn.DefaultHttpClientConnectionOperator 146 - Connection established 127.0.0.1:49761&lt;-&gt;127.0.0.1:39311
10-23-2018 20:33:35 LoggingManagedHttpClientConnection.java DEBUG [Forwarding newSession on session null to remote] conn.DefaultManagedHttpClientConnection 88 - http-outgoing-0: set socket timeout to 10800000
10-23-2018 20:33:35 MainClientExec.java DEBUG [Forwarding newSession on session null to remote] execchain.MainClientExec 256 - Executing request POST /session HTTP/1.1
10-23-2018 20:33:35 MainClientExec.java DEBUG [Forwarding newSession on session null to remote] execchain.MainClientExec 261 - Target auth state: UNCHALLENGED
10-23-2018 20:33:35 MainClientExec.java DEBUG [Forwarding newSession on session null to remote] execchain.MainClientExec 267 - Proxy auth state: UNCHALLENGED
10-23-2018 20:33:35 LoggingManagedHttpClientConnection.java DEBUG [Forwarding newSession on session null to remote] http.headers 133 - http-outgoing-0 &gt;&gt; POST /session HTTP/1.1
10-23-2018 20:33:35 LoggingManagedHttpClientConnection.java DEBUG [Forwarding newSession on session null to remote] http.headers 136 - http-outgoing-0 &gt;&gt; Content-Type: application/json; charset=utf-8
10-23-2018 20:33:35 LoggingManagedHttpClientConnection.java DEBUG [Forwarding newSession on session null to remote] http.headers 136 - http-outgoing-0 &gt;&gt; Content-Length: 335
10-23-2018 20:33:35 LoggingManagedHttpClientConnection.java DEBUG [Forwarding newSession on session null to remote] http.headers 136 - http-outgoing-0 &gt;&gt; Host: localhost:39311
10-23-2018 20:33:35 LoggingManagedHttpClientConnection.java DEBUG [Forwarding newSession on session null to remote] http.headers 136 - http-outgoing-0 &gt;&gt; Connection: Keep-Alive
10-23-2018 20:33:35 LoggingManagedHttpClientConnection.java DEBUG [Forwarding newSession on session null to remote] http.headers 136 - http-outgoing-0 &gt;&gt; User-Agent: Apache-HttpClient/4.5.3 (Java/1.8.0_77)
10-23-2018 20:33:35 LoggingManagedHttpClientConnection.java DEBUG [Forwarding newSession on session null to remote] http.headers 136 - http-outgoing-0 &gt;&gt; Accept-Encoding: gzip,deflate
10-23-2018 20:33:35 Wire.java DEBUG [Forwarding newSession on session null to remote] http.wire 73 - http-outgoing-0 &gt;&gt; &quot;POST /session HTTP/1.1[\r][\n]&quot;
10-23-2018 20:33:35 Wire.java DEBUG [Forwarding newSession on session null to remote] http.wire 73 - http-outgoing-0 &gt;&gt; &quot;Content-Type: application/json; charset=utf-8[\r][\n]&quot;
10-23-2018 20:33:35 Wire.java DEBUG [Forwarding newSession on session null to remote] http.wire 73 - http-outgoing-0 &gt;&gt; &quot;Content-Length: 335[\r][\n]&quot;
10-23-2018 20:33:35 Wire.java DEBUG [Forwarding newSession on session null to remote] http.wire 73 - http-outgoing-0 &gt;&gt; &quot;Host: localhost:39311[\r][\n]&quot;
10-23-2018 20:33:35 Wire.java DEBUG [Forwarding newSession on session null to remote] http.wire 73 - http-outgoing-0 &gt;&gt; &quot;Connection: Keep-Alive[\r][\n]&quot;
10-23-2018 20:33:35 Wire.java DEBUG [Forwarding newSession on session null to remote] http.wire 73 - http-outgoing-0 &gt;&gt; &quot;User-Agent: Apache-HttpClient/4.5.3 (Java/1.8.0_77)[\r][\n]&quot;
10-23-2018 20:33:35 Wire.java DEBUG [Forwarding newSession on session null to remote] http.wire 73 - http-outgoing-0 &gt;&gt; &quot;Accept-Encoding: gzip,deflate[\r][\n]&quot;
10-23-2018 20:33:35 Wire.java DEBUG [Forwarding newSession on session null to remote] http.wire 73 - http-outgoing-0 &gt;&gt; &quot;[\r][\n]&quot;
10-23-2018 20:33:35 Wire.java DEBUG [Forwarding newSession on session null to remote] http.wire 73 - http-outgoing-0 &gt;&gt; &quot;{[\n]&quot;
10-23-2018 20:33:35 Wire.java DEBUG [Forwarding newSession on session null to remote] http.wire 73 - http-outgoing-0 &gt;&gt; &quot;  &quot;desiredCapabilities&quot;: {&quot;browserName&quot;:&quot;chrome&quot;,&quot;goog:chromeOptions&quot;:{&quot;args&quot;:[],&quot;extensions&quot;:[]}},[\n]&quot;
10-23-2018 20:33:35 Wire.java DEBUG [Forwarding newSession on session null to remote] http.wire 73 - http-outgoing-0 &gt;&gt; &quot;  &quot;capabilities&quot;: {[\n]&quot;
10-23-2018 20:33:35 Wire.java DEBUG [Forwarding newSession on session null to remote] http.wire 73 - http-outgoing-0 &gt;&gt; &quot;    &quot;desiredCapabilities&quot;: {&quot;browserName&quot;:&quot;chrome&quot;,&quot;goog:chromeOptions&quot;:{&quot;args&quot;:[],&quot;extensions&quot;:[]}},[\n]&quot;
10-23-2018 20:33:35 Wire.java DEBUG [Forwarding newSession on session null to remote] http.wire 73 - http-outgoing-0 &gt;&gt; &quot;    &quot;firstMatch&quot;: [[\n]&quot;
10-23-2018 20:33:35 Wire.java DEBUG [Forwarding newSession on session null to remote] http.wire 73 - http-outgoing-0 &gt;&gt; &quot;      {&quot;browserName&quot;:&quot;chrome&quot;,&quot;goog:chromeOptions&quot;:{&quot;args&quot;:[],&quot;extensions&quot;:[]}}[\n]&quot;
10-23-2018 20:33:35 Wire.java DEBUG [Forwarding newSession on session null to remote] http.wire 73 - http-outgoing-0 &gt;&gt; &quot;    ][\n]&quot;
10-23-2018 20:33:35 Wire.java DEBUG [Forwarding newSession on session null to remote] http.wire 73 - http-outgoing-0 &gt;&gt; &quot;  }[\n]&quot;
10-23-2018 20:33:35 Wire.java DEBUG [Forwarding newSession on session null to remote] http.wire 87 - http-outgoing-0 &gt;&gt; &quot;}&quot;
10-23-2018 20:33:39 Wire.java DEBUG [Forwarding newSession on session null to remote] http.wire 73 - http-outgoing-0 &lt;&lt; &quot;HTTP/1.1 200 OK[\r][\n]&quot;
10-23-2018 20:33:39 Wire.java DEBUG [Forwarding newSession on session null to remote] http.wire 73 - http-outgoing-0 &lt;&lt; &quot;Content-Length:779[\r][\n]&quot;
10-23-2018 20:33:39 Wire.java DEBUG [Forwarding newSession on session null to remote] http.wire 73 - http-outgoing-0 &lt;&lt; &quot;Content-Type:application/json; charset=utf-8[\r][\n]&quot;
10-23-2018 20:33:39 Wire.java DEBUG [Forwarding newSession on session null to remote] http.wire 73 - http-outgoing-0 &lt;&lt; &quot;Connection:close[\r][\n]&quot;
10-23-2018 20:33:39 Wire.java DEBUG [Forwarding newSession on session null to remote] http.wire 73 - http-outgoing-0 &lt;&lt; &quot;[\r][\n]&quot;
10-23-2018 20:33:39 Wire.java DEBUG [Forwarding newSession on session null to remote] http.wire 87 - http-outgoing-0 &lt;&lt; &quot;{&quot;sessionId&quot;:&quot;7638d2069b0849b1d65910b2a94525ec&quot;,&quot;status&quot;:0,&quot;value&quot;:{&quot;acceptSslCerts&quot;:true,&quot;applicationCacheEnabled&quot;:false,&quot;browserConnectionEnabled&quot;:false,&quot;browserName&quot;:&quot;chrome&quot;,&quot;chrome&quot;:{&quot;chromedriverVersion&quot;:&quot;2.32.498550 (9dec58e66c31bcc53a9ce3c7226f0c1c5810906a)&quot;,&quot;userDataDir&quot;:&quot;C:\\Windows\\TEMP\\scoped_dir3612_23683&quot;},&quot;cssSelectorsEnabled&quot;:true,&quot;databaseEnabled&quot;:false,&quot;handlesAlerts&quot;:true,&quot;hasTouchScreen&quot;:false,&quot;javascriptEnabled&quot;:true,&quot;locationContextEnabled&quot;:true,&quot;mobileEmulationEnabled&quot;:false,&quot;nativeEvents&quot;:true,&quot;networkConnectionEnabled&quot;:false,&quot;pageLoadStrategy&quot;:&quot;normal&quot;,&quot;platform&quot;:&quot;Windows NT&quot;,&quot;rotatable&quot;:false,&quot;setWindowRect&quot;:true,&quot;takesHeapSnapshot&quot;:true,&quot;takesScreenshot&quot;:true,&quot;unexpectedAlertBehaviour&quot;:&quot;&quot;,&quot;version&quot;:&quot;69.0.3497.100&quot;,&quot;webStorageEnabled&quot;:true}}&quot;
10-23-2018 20:33:39 LoggingManagedHttpClientConnection.java DEBUG [Forwarding newSession on session null to remote] http.headers 122 - http-outgoing-0 &lt;&lt; HTTP/1.1 200 OK
10-23-2018 20:33:39 LoggingManagedHttpClientConnection.java DEBUG [Forwarding newSession on session null to remote] http.headers 125 - http-outgoing-0 &lt;&lt; Content-Length:779
10-23-2018 20:33:39 LoggingManagedHttpClientConnection.java DEBUG [Forwarding newSession on session null to remote] http.headers 125 - http-outgoing-0 &lt;&lt; Content-Type:application/json; charset=utf-8
10-23-2018 20:33:39 LoggingManagedHttpClientConnection.java DEBUG [Forwarding newSession on session null to remote] http.headers 125 - http-outgoing-0 &lt;&lt; Connection:close
10-23-2018 20:33:39 LoggingManagedHttpClientConnection.java DEBUG [Forwarding newSession on session null to remote] conn.DefaultManagedHttpClientConnection 79 - http-outgoing-0: Close connection
10-23-2018 20:33:39 ConnectionHolder.java DEBUG [Forwarding newSession on session null to remote] execchain.MainClientExec 104 - Connection discarded
10-23-2018 20:33:39 PoolingHttpClientConnectionManager.java DEBUG [Forwarding newSession on session null to remote] conn.PoolingHttpClientConnectionManager 326 - Connection released: [id: 0][route: {}-&gt;http://localhost:39311][total kept alive: 0; route allocated: 0 of 2000; total allocated: 0 of 2000]
10-23-2018 20:33:40 RequestAddCookies.java DEBUG [Forwarding maximizeCurrentWindow on session 7638d2069b0849b1d65910b2a94525ec to remote] protocol.RequestAddCookies 123 - CookieSpec selected: default
10-23-2018 20:33:40 RequestAuthCache.java DEBUG [Forwarding maximizeCurrentWindow on session 7638d2069b0849b1d65910b2a94525ec to remote] protocol.RequestAuthCache 77 - Auth cache not set in the context
10-23-2018 20:33:40 PoolingHttpClientConnectionManager.java DEBUG [Forwarding maximizeCurrentWindow on session 7638d2069b0849b1d65910b2a94525ec to remote] conn.PoolingHttpClientConnectionManager 255 - Connection request: [route: {}-&gt;http://localhost:39311][total kept alive: 0; route allocated: 0 of 2000; total allocated: 0 of 2000]
10-23-2018 20:33:40 PoolingHttpClientConnectionManager.java DEBUG [Forwarding maximizeCurrentWindow on session 7638d2069b0849b1d65910b2a94525ec to remote] conn.PoolingHttpClientConnectionManager 288 - Connection leased: [id: 1][route: {}-&gt;http://localhost:39311][total kept alive: 0; route allocated: 1 of 2000; total allocated: 1 of 2000]
10-23-2018 20:33:40 MainClientExec.java DEBUG [Forwarding maximizeCurrentWindow on session 7638d2069b0849b1d65910b2a94525ec to remote] execchain.MainClientExec 235 - Opening connection {}-&gt;http://localhost:39311
10-23-2018 20:33:40 DefaultHttpClientConnectionOperator.java DEBUG [Forwarding maximizeCurrentWindow on session 7638d2069b0849b1d65910b2a94525ec to remote] conn.DefaultHttpClientConnectionOperator 139 - Connecting to localhost/127.0.0.1:39311
10-23-2018 20:33:40 DefaultHttpClientConnectionOperator.java DEBUG [Forwarding maximizeCurrentWindow on session 7638d2069b0849b1d65910b2a94525ec to remote] conn.DefaultHttpClientConnectionOperator 146 - Connection established 127.0.0.1:49771&lt;-&gt;127.0.0.1:39311
10-23-2018 20:33:40 LoggingManagedHttpClientConnection.java DEBUG [Forwarding maximizeCurrentWindow on session 7638d2069b0849b1d65910b2a94525ec to remote] conn.DefaultManagedHttpClientConnection 88 - http-outgoing-1: set socket timeout to 10800000
10-23-2018 20:33:40 MainClientExec.java DEBUG [Forwarding maximizeCurrentWindow on session 7638d2069b0849b1d65910b2a94525ec to remote] execchain.MainClientExec 256 - Executing request POST /session/7638d2069b0849b1d65910b2a94525ec/window/current/maximize HTTP/1.1
10-23-2018 20:33:40 MainClientExec.java DEBUG [Forwarding maximizeCurrentWindow on session 7638d2069b0849b1d65910b2a94525ec to remote] execchain.MainClientExec 261 - Target auth state: UNCHALLENGED
10-23-2018 20:33:40 MainClientExec.java DEBUG [Forwarding maximizeCurrentWindow on session 7638d2069b0849b1d65910b2a94525ec to remote] execchain.MainClientExec 267 - Proxy auth state: UNCHALLENGED
10-23-2018 20:33:40 LoggingManagedHttpClientConnection.java DEBUG [Forwarding maximizeCurrentWindow on session 7638d2069b0849b1d65910b2a94525ec to remote] http.headers 133 - http-outgoing-1 &gt;&gt; POST /session/7638d2069b0849b1d65910b2a94525ec/window/current/maximize HTTP/1.1
10-23-2018 20:33:40 LoggingManagedHttpClientConnection.java DEBUG [Forwarding maximizeCurrentWindow on session 7638d2069b0849b1d65910b2a94525ec to remote] http.headers 136 - http-outgoing-1 &gt;&gt; Content-Type: application/json; charset=utf-8
10-23-2018 20:33:40 LoggingManagedHttpClientConnection.java DEBUG [Forwarding maximizeCurrentWindow on session 7638d2069b0849b1d65910b2a94525ec to remote] http.headers 136 - http-outgoing-1 &gt;&gt; Content-Length: 45
10-23-2018 20:33:40 LoggingManagedHttpClientConnection.java DEBUG [Forwarding maximizeCurrentWindow on session 7638d2069b0849b1d65910b2a94525ec to remote] http.headers 136 - http-outgoing-1 &gt;&gt; Host: localhost:39311
10-23-2018 20:33:40 LoggingManagedHttpClientConnection.java DEBUG [Forwarding maximizeCurrentWindow on session 7638d2069b0849b1d65910b2a94525ec to remote] http.headers 136 - http-outgoing-1 &gt;&gt; Connection: Keep-Alive
10-23-2018 20:33:40 LoggingManagedHttpClientConnection.java DEBUG [Forwarding maximizeCurrentWindow on session 7638d2069b0849b1d65910b2a94525ec to remote] http.headers 136 - http-outgoing-1 &gt;&gt; User-Agent: Apache-HttpClient/4.5.3 (Java/1.8.0_77)
10-23-2018 20:33:40 LoggingManagedHttpClientConnection.java DEBUG [Forwarding maximizeCurrentWindow on session 7638d2069b0849b1d65910b2a94525ec to remote] http.headers 136 - http-outgoing-1 &gt;&gt; Accept-Encoding: gzip,deflate
10-23-2018 20:33:40 Wire.java DEBUG [Forwarding maximizeCurrentWindow on session 7638d2069b0849b1d65910b2a94525ec to remote] http.wire 73 - http-outgoing-1 &gt;&gt; &quot;POST /session/7638d2069b0849b1d65910b2a94525ec/window/current/maximize HTTP/1.1[\r][\n]&quot;
10-23-2018 20:33:40 Wire.java DEBUG [Forwarding maximizeCurrentWindow on session 7638d2069b0849b1d65910b2a94525ec to remote] http.wire 73 - http-outgoing-1 &gt;&gt; &quot;Content-Type: application/json; charset=utf-8[\r][\n]&quot;
10-23-2018 20:33:40 Wire.java DEBUG [Forwarding maximizeCurrentWindow on session 7638d2069b0849b1d65910b2a94525ec to remote] http.wire 73 - http-outgoing-1 &gt;&gt; &quot;Content-Length: 45[\r][\n]&quot;
10-23-2018 20:33:40 Wire.java DEBUG [Forwarding maximizeCurrentWindow on session 7638d2069b0849b1d65910b2a94525ec to remote] http.wire 73 - http-outgoing-1 &gt;&gt; &quot;Host: localhost:39311[\r][\n]&quot;
10-23-2018 20:33:40 Wire.java DEBUG [Forwarding maximizeCurrentWindow on session 7638d2069b0849b1d65910b2a94525ec to remote] http.wire 73 - http-outgoing-1 &gt;&gt; &quot;Connection: Keep-Alive[\r][\n]&quot;
10-23-2018 20:33:40 Wire.java DEBUG [Forwarding maximizeCurrentWindow on session 7638d2069b0849b1d65910b2a94525ec to remote] http.wire 73 - http-outgoing-1 &gt;&gt; &quot;User-Agent: Apache-HttpClient/4.5.3 (Java/1.8.0_77)[\r][\n]&quot;
10-23-2018 20:33:40 Wire.java DEBUG [Forwarding maximizeCurrentWindow on session 7638d2069b0849b1d65910b2a94525ec to remote] http.wire 73 - http-outgoing-1 &gt;&gt; &quot;Accept-Encoding: gzip,deflate[\r][\n]&quot;
10-23-2018 20:33:40 Wire.java DEBUG [Forwarding maximizeCurrentWindow on session 7638d2069b0849b1d65910b2a94525ec to remote] http.wire 73 - http-outgoing-1 &gt;&gt; &quot;[\r][\n]&quot;
10-23-2018 20:33:40 Wire.java DEBUG [Forwarding maximizeCurrentWindow on session 7638d2069b0849b1d65910b2a94525ec to remote] http.wire 87 - http-outgoing-1 &gt;&gt; &quot;{&quot;windowHandle&quot;:&quot;current&quot;,&quot;handle&quot;:&quot;current&quot;}&quot;
10-23-2018 20:33:42 Wire.java DEBUG [Forwarding maximizeCurrentWindow on session 7638d2069b0849b1d65910b2a94525ec to remote] http.wire 73 - http-outgoing-1 &lt;&lt; &quot;HTTP/1.1 200 OK[\r][\n]&quot;
10-23-2018 20:33:42 Wire.java DEBUG [Forwarding maximizeCurrentWindow on session 7638d2069b0849b1d65910b2a94525ec to remote] http.wire 73 - http-outgoing-1 &lt;&lt; &quot;Content-Length:293[\r][\n]&quot;
10-23-2018 20:33:42 Wire.java DEBUG [Forwarding maximizeCurrentWindow on session 7638d2069b0849b1d65910b2a94525ec to remote] http.wire 73 - http-outgoing-1 &lt;&lt; &quot;Content-Type:application/json; charset=utf-8[\r][\n]&quot;
10-23-2018 20:33:42 Wire.java DEBUG [Forwarding maximizeCurrentWindow on session 7638d2069b0849b1d65910b2a94525ec to remote] http.wire 73 - http-outgoing-1 &lt;&lt; &quot;Connection:close[\r][\n]&quot;
10-23-2018 20:33:42 Wire.java DEBUG [Forwarding maximizeCurrentWindow on session 7638d2069b0849b1d65910b2a94525ec to remote] http.wire 73 - http-outgoing-1 &lt;&lt; &quot;[\r][\n]&quot;
10-23-2018 20:33:42 Wire.java DEBUG [Forwarding maximizeCurrentWindow on session 7638d2069b0849b1d65910b2a94525ec to remote] http.wire 87 - http-outgoing-1 &lt;&lt; &quot;{&quot;sessionId&quot;:&quot;7638d2069b0849b1d65910b2a94525ec&quot;,&quot;status&quot;:102,&quot;value&quot;:{&quot;message&quot;:&quot;disconnected: unable to connect to renderer\n  (Session info: chrome=69.0.3497.100)\n  (Driver info: chromedriver=2.32.498550 (9dec58e66c31bcc53a9ce3c7226f0c1c5810906a),platform=Windows NT 6.1.7601 SP1 x86_64)&quot;}}&quot;
10-23-2018 20:33:42 LoggingManagedHttpClientConnection.java DEBUG [Forwarding maximizeCurrentWindow on session 7638d2069b0849b1d65910b2a94525ec to remote] http.headers 122 - http-outgoing-1 &lt;&lt; HTTP/1.1 200 OK
10-23-2018 20:33:42 LoggingManagedHttpClientConnection.java DEBUG [Forwarding maximizeCurrentWindow on session 7638d2069b0849b1d65910b2a94525ec to remote] http.headers 125 - http-outgoing-1 &lt;&lt; Content-Length:293
10-23-2018 20:33:42 LoggingManagedHttpClientConnection.java DEBUG [Forwarding maximizeCurrentWindow on session 7638d2069b0849b1d65910b2a94525ec to remote] http.headers 125 - http-outgoing-1 &lt;&lt; Content-Type:application/json; charset=utf-8
10-23-2018 20:33:42 LoggingManagedHttpClientConnection.java DEBUG [Forwarding maximizeCurrentWindow on session 7638d2069b0849b1d65910b2a94525ec to remote] http.headers 125 - http-outgoing-1 &lt;&lt; Connection:close
10-23-2018 20:33:42 LoggingManagedHttpClientConnection.java DEBUG [Forwarding maximizeCurrentWindow on session 7638d2069b0849b1d65910b2a94525ec to remote] conn.DefaultManagedHttpClientConnection 79 - http-outgoing-1: Close connection
10-23-2018 20:33:42 ConnectionHolder.java DEBUG [Forwarding maximizeCurrentWindow on session 7638d2069b0849b1d65910b2a94525ec to remote] execchain.MainClientExec 104 - Connection discarded
10-23-2018 20:33:42 PoolingHttpClientConnectionManager.java DEBUG [Forwarding maximizeCurrentWindow on session 7638d2069b0849b1d65910b2a94525ec to remote] conn.PoolingHttpClientConnectionManager 326 - Connection released: [id: 1][route: {}-&gt;http://localhost:39311][total kept alive: 0; route allocated: 0 of 2000; total allocated: 0 of 2000]
</system-out>
    <system-err>Starting ChromeDriver 2.32.498550 (9dec58e66c31bcc53a9ce3c7226f0c1c5810906a) on port 39311
Only local connections are allowed.
Oct 23, 2018 8:33:40 PM org.openqa.selenium.remote.ProtocolHandshake createSession
INFO: Detected dialect: OSS
</system-err>
  </testcase>
  <testcase classname="com.crm.qa.testcases.DealsPageTest" name="verifyDealsLabelTest" time="11.35">
    <skipped/>
  </testcase>
  <testcase classname="com.crm.qa.testcases.DealsPageTest" name="teaddown" time="11.35">
    <skipped/>
  </testcase>
</testsuite>